Traceback (most recent call last):
  File "/Users/caladof/anaconda3/lib/python3.11/site-packages/jupyter_cache/executors/utils.py", line 58, in single_nb_execution
    executenb(
  File "/Users/caladof/anaconda3/lib/python3.11/site-packages/nbclient/client.py", line 1204, in execute
    return NotebookClient(nb=nb, resources=resources, km=km, **kwargs).execute()
           ^^^^^^^^^^^^^^^^^^^^^^^^^^^^^^^^^^^^^^^^^^^^^^^^^^^^^^^^^^^^^^^^^^^^^
  File "/Users/caladof/anaconda3/lib/python3.11/site-packages/nbclient/util.py", line 84, in wrapped
    return just_run(coro(*args, **kwargs))
           ^^^^^^^^^^^^^^^^^^^^^^^^^^^^^^^
  File "/Users/caladof/anaconda3/lib/python3.11/site-packages/nbclient/util.py", line 62, in just_run
    return loop.run_until_complete(coro)
           ^^^^^^^^^^^^^^^^^^^^^^^^^^^^^
  File "/Users/caladof/anaconda3/lib/python3.11/asyncio/base_events.py", line 650, in run_until_complete
    return future.result()
           ^^^^^^^^^^^^^^^
  File "/Users/caladof/anaconda3/lib/python3.11/contextlib.py", line 222, in __aexit__
    await self.gen.athrow(typ, value, traceback)
  File "/Users/caladof/anaconda3/lib/python3.11/site-packages/nbclient/client.py", line 608, in async_setup_kernel
    yield
  File "/Users/caladof/anaconda3/lib/python3.11/site-packages/nbclient/client.py", line 663, in async_execute
    await self.async_execute_cell(
  File "/Users/caladof/anaconda3/lib/python3.11/site-packages/nbclient/client.py", line 965, in async_execute_cell
    await self._check_raise_for_error(cell, cell_index, exec_reply)
  File "/Users/caladof/anaconda3/lib/python3.11/site-packages/nbclient/client.py", line 862, in _check_raise_for_error
    raise CellExecutionError.from_cell_and_msg(cell, exec_reply_content)
nbclient.exceptions.CellExecutionError: An error occurred while executing the following cell:
------------------
# pulling up a CSV of search results from congress.gov 
# if this code doesn't work, download the csv from link 
# below, and upload it to your google colab space
# https://bit.ly/congress_csv

df = pd.read_csv('https://bit.ly/transgender_raw_data')
------------------

[0;31m---------------------------------------------------------------------------[0m
[0;31mHTTPError[0m                                 Traceback (most recent call last)
Cell [0;32mIn[2], line 6[0m
[1;32m      1[0m [38;5;66;03m# pulling up a CSV of search results from congress.gov [39;00m
[1;32m      2[0m [38;5;66;03m# if this code doesn't work, download the csv from link [39;00m
[1;32m      3[0m [38;5;66;03m# below, and upload it to your google colab space[39;00m
[1;32m      4[0m [38;5;66;03m# https://bit.ly/congress_csv[39;00m
[0;32m----> 6[0m df [38;5;241m=[39m pd[38;5;241m.[39mread_csv([38;5;124m'[39m[38;5;124mhttps://bit.ly/transgender_raw_data[39m[38;5;124m'[39m)

File [0;32m~/anaconda3/lib/python3.11/site-packages/pandas/util/_decorators.py:211[0m, in [0;36mdeprecate_kwarg.<locals>._deprecate_kwarg.<locals>.wrapper[0;34m(*args, **kwargs)[0m
[1;32m    209[0m     [38;5;28;01melse[39;00m:
[1;32m    210[0m         kwargs[new_arg_name] [38;5;241m=[39m new_arg_value
[0;32m--> 211[0m [38;5;28;01mreturn[39;00m func([38;5;241m*[39margs, [38;5;241m*[39m[38;5;241m*[39mkwargs)

File [0;32m~/anaconda3/lib/python3.11/site-packages/pandas/util/_decorators.py:331[0m, in [0;36mdeprecate_nonkeyword_arguments.<locals>.decorate.<locals>.wrapper[0;34m(*args, **kwargs)[0m
[1;32m    325[0m [38;5;28;01mif[39;00m [38;5;28mlen[39m(args) [38;5;241m>[39m num_allow_args:
[1;32m    326[0m     warnings[38;5;241m.[39mwarn(
[1;32m    327[0m         msg[38;5;241m.[39mformat(arguments[38;5;241m=[39m_format_argument_list(allow_args)),
[1;32m    328[0m         [38;5;167;01mFutureWarning[39;00m,
[1;32m    329[0m         stacklevel[38;5;241m=[39mfind_stack_level(),
[1;32m    330[0m     )
[0;32m--> 331[0m [38;5;28;01mreturn[39;00m func([38;5;241m*[39margs, [38;5;241m*[39m[38;5;241m*[39mkwargs)

File [0;32m~/anaconda3/lib/python3.11/site-packages/pandas/io/parsers/readers.py:950[0m, in [0;36mread_csv[0;34m(filepath_or_buffer, sep, delimiter, header, names, index_col, usecols, squeeze, prefix, mangle_dupe_cols, dtype, engine, converters, true_values, false_values, skipinitialspace, skiprows, skipfooter, nrows, na_values, keep_default_na, na_filter, verbose, skip_blank_lines, parse_dates, infer_datetime_format, keep_date_col, date_parser, dayfirst, cache_dates, iterator, chunksize, compression, thousands, decimal, lineterminator, quotechar, quoting, doublequote, escapechar, comment, encoding, encoding_errors, dialect, error_bad_lines, warn_bad_lines, on_bad_lines, delim_whitespace, low_memory, memory_map, float_precision, storage_options)[0m
[1;32m    935[0m kwds_defaults [38;5;241m=[39m _refine_defaults_read(
[1;32m    936[0m     dialect,
[1;32m    937[0m     delimiter,
[0;32m   (...)[0m
[1;32m    946[0m     defaults[38;5;241m=[39m{[38;5;124m"[39m[38;5;124mdelimiter[39m[38;5;124m"[39m: [38;5;124m"[39m[38;5;124m,[39m[38;5;124m"[39m},
[1;32m    947[0m )
[1;32m    948[0m kwds[38;5;241m.[39mupdate(kwds_defaults)
[0;32m--> 950[0m [38;5;28;01mreturn[39;00m _read(filepath_or_buffer, kwds)

File [0;32m~/anaconda3/lib/python3.11/site-packages/pandas/io/parsers/readers.py:605[0m, in [0;36m_read[0;34m(filepath_or_buffer, kwds)[0m
[1;32m    602[0m _validate_names(kwds[38;5;241m.[39mget([38;5;124m"[39m[38;5;124mnames[39m[38;5;124m"[39m, [38;5;28;01mNone[39;00m))
[1;32m    604[0m [38;5;66;03m# Create the parser.[39;00m
[0;32m--> 605[0m parser [38;5;241m=[39m TextFileReader(filepath_or_buffer, [38;5;241m*[39m[38;5;241m*[39mkwds)
[1;32m    607[0m [38;5;28;01mif[39;00m chunksize [38;5;129;01mor[39;00m iterator:
[1;32m    608[0m     [38;5;28;01mreturn[39;00m parser

File [0;32m~/anaconda3/lib/python3.11/site-packages/pandas/io/parsers/readers.py:1442[0m, in [0;36mTextFileReader.__init__[0;34m(self, f, engine, **kwds)[0m
[1;32m   1439[0m     [38;5;28mself[39m[38;5;241m.[39moptions[[38;5;124m"[39m[38;5;124mhas_index_names[39m[38;5;124m"[39m] [38;5;241m=[39m kwds[[38;5;124m"[39m[38;5;124mhas_index_names[39m[38;5;124m"[39m]
[1;32m   1441[0m [38;5;28mself[39m[38;5;241m.[39mhandles: IOHandles [38;5;241m|[39m [38;5;28;01mNone[39;00m [38;5;241m=[39m [38;5;28;01mNone[39;00m
[0;32m-> 1442[0m [38;5;28mself[39m[38;5;241m.[39m_engine [38;5;241m=[39m [38;5;28mself[39m[38;5;241m.[39m_make_engine(f, [38;5;28mself[39m[38;5;241m.[39mengine)

File [0;32m~/anaconda3/lib/python3.11/site-packages/pandas/io/parsers/readers.py:1735[0m, in [0;36mTextFileReader._make_engine[0;34m(self, f, engine)[0m
[1;32m   1733[0m     [38;5;28;01mif[39;00m [38;5;124m"[39m[38;5;124mb[39m[38;5;124m"[39m [38;5;129;01mnot[39;00m [38;5;129;01min[39;00m mode:
[1;32m   1734[0m         mode [38;5;241m+[39m[38;5;241m=[39m [38;5;124m"[39m[38;5;124mb[39m[38;5;124m"[39m
[0;32m-> 1735[0m [38;5;28mself[39m[38;5;241m.[39mhandles [38;5;241m=[39m get_handle(
[1;32m   1736[0m     f,
[1;32m   1737[0m     mode,
[1;32m   1738[0m     encoding[38;5;241m=[39m[38;5;28mself[39m[38;5;241m.[39moptions[38;5;241m.[39mget([38;5;124m"[39m[38;5;124mencoding[39m[38;5;124m"[39m, [38;5;28;01mNone[39;00m),
[1;32m   1739[0m     compression[38;5;241m=[39m[38;5;28mself[39m[38;5;241m.[39moptions[38;5;241m.[39mget([38;5;124m"[39m[38;5;124mcompression[39m[38;5;124m"[39m, [38;5;28;01mNone[39;00m),
[1;32m   1740[0m     memory_map[38;5;241m=[39m[38;5;28mself[39m[38;5;241m.[39moptions[38;5;241m.[39mget([38;5;124m"[39m[38;5;124mmemory_map[39m[38;5;124m"[39m, [38;5;28;01mFalse[39;00m),
[1;32m   1741[0m     is_text[38;5;241m=[39mis_text,
[1;32m   1742[0m     errors[38;5;241m=[39m[38;5;28mself[39m[38;5;241m.[39moptions[38;5;241m.[39mget([38;5;124m"[39m[38;5;124mencoding_errors[39m[38;5;124m"[39m, [38;5;124m"[39m[38;5;124mstrict[39m[38;5;124m"[39m),
[1;32m   1743[0m     storage_options[38;5;241m=[39m[38;5;28mself[39m[38;5;241m.[39moptions[38;5;241m.[39mget([38;5;124m"[39m[38;5;124mstorage_options[39m[38;5;124m"[39m, [38;5;28;01mNone[39;00m),
[1;32m   1744[0m )
[1;32m   1745[0m [38;5;28;01massert[39;00m [38;5;28mself[39m[38;5;241m.[39mhandles [38;5;129;01mis[39;00m [38;5;129;01mnot[39;00m [38;5;28;01mNone[39;00m
[1;32m   1746[0m f [38;5;241m=[39m [38;5;28mself[39m[38;5;241m.[39mhandles[38;5;241m.[39mhandle

File [0;32m~/anaconda3/lib/python3.11/site-packages/pandas/io/common.py:713[0m, in [0;36mget_handle[0;34m(path_or_buf, mode, encoding, compression, memory_map, is_text, errors, storage_options)[0m
[1;32m    710[0m     codecs[38;5;241m.[39mlookup_error(errors)
[1;32m    712[0m [38;5;66;03m# open URLs[39;00m
[0;32m--> 713[0m ioargs [38;5;241m=[39m _get_filepath_or_buffer(
[1;32m    714[0m     path_or_buf,
[1;32m    715[0m     encoding[38;5;241m=[39mencoding,
[1;32m    716[0m     compression[38;5;241m=[39mcompression,
[1;32m    717[0m     mode[38;5;241m=[39mmode,
[1;32m    718[0m     storage_options[38;5;241m=[39mstorage_options,
[1;32m    719[0m )
[1;32m    721[0m handle [38;5;241m=[39m ioargs[38;5;241m.[39mfilepath_or_buffer
[1;32m    722[0m handles: [38;5;28mlist[39m[BaseBuffer]

File [0;32m~/anaconda3/lib/python3.11/site-packages/pandas/io/common.py:363[0m, in [0;36m_get_filepath_or_buffer[0;34m(filepath_or_buffer, encoding, compression, mode, storage_options)[0m
[1;32m    361[0m [38;5;66;03m# assuming storage_options is to be interpreted as headers[39;00m
[1;32m    362[0m req_info [38;5;241m=[39m urllib[38;5;241m.[39mrequest[38;5;241m.[39mRequest(filepath_or_buffer, headers[38;5;241m=[39mstorage_options)
[0;32m--> 363[0m [38;5;28;01mwith[39;00m urlopen(req_info) [38;5;28;01mas[39;00m req:
[1;32m    364[0m     content_encoding [38;5;241m=[39m req[38;5;241m.[39mheaders[38;5;241m.[39mget([38;5;124m"[39m[38;5;124mContent-Encoding[39m[38;5;124m"[39m, [38;5;28;01mNone[39;00m)
[1;32m    365[0m     [38;5;28;01mif[39;00m content_encoding [38;5;241m==[39m [38;5;124m"[39m[38;5;124mgzip[39m[38;5;124m"[39m:
[1;32m    366[0m         [38;5;66;03m# Override compression based on Content-Encoding header[39;00m

File [0;32m~/anaconda3/lib/python3.11/site-packages/pandas/io/common.py:265[0m, in [0;36murlopen[0;34m(*args, **kwargs)[0m
[1;32m    259[0m [38;5;250m[39m[38;5;124;03m"""[39;00m
[1;32m    260[0m [38;5;124;03mLazy-import wrapper for stdlib urlopen, as that imports a big chunk of[39;00m
[1;32m    261[0m [38;5;124;03mthe stdlib.[39;00m
[1;32m    262[0m [38;5;124;03m"""[39;00m
[1;32m    263[0m [38;5;28;01mimport[39;00m [38;5;21;01murllib[39;00m[38;5;21;01m.[39;00m[38;5;21;01mrequest[39;00m
[0;32m--> 265[0m [38;5;28;01mreturn[39;00m urllib[38;5;241m.[39mrequest[38;5;241m.[39murlopen([38;5;241m*[39margs, [38;5;241m*[39m[38;5;241m*[39mkwargs)

File [0;32m~/anaconda3/lib/python3.11/urllib/request.py:216[0m, in [0;36murlopen[0;34m(url, data, timeout, cafile, capath, cadefault, context)[0m
[1;32m    214[0m [38;5;28;01melse[39;00m:
[1;32m    215[0m     opener [38;5;241m=[39m _opener
[0;32m--> 216[0m [38;5;28;01mreturn[39;00m opener[38;5;241m.[39mopen(url, data, timeout)

File [0;32m~/anaconda3/lib/python3.11/urllib/request.py:525[0m, in [0;36mOpenerDirector.open[0;34m(self, fullurl, data, timeout)[0m
[1;32m    523[0m [38;5;28;01mfor[39;00m processor [38;5;129;01min[39;00m [38;5;28mself[39m[38;5;241m.[39mprocess_response[38;5;241m.[39mget(protocol, []):
[1;32m    524[0m     meth [38;5;241m=[39m [38;5;28mgetattr[39m(processor, meth_name)
[0;32m--> 525[0m     response [38;5;241m=[39m meth(req, response)
[1;32m    527[0m [38;5;28;01mreturn[39;00m response

File [0;32m~/anaconda3/lib/python3.11/urllib/request.py:634[0m, in [0;36mHTTPErrorProcessor.http_response[0;34m(self, request, response)[0m
[1;32m    631[0m [38;5;66;03m# According to RFC 2616, "2xx" code indicates that the client's[39;00m
[1;32m    632[0m [38;5;66;03m# request was successfully received, understood, and accepted.[39;00m
[1;32m    633[0m [38;5;28;01mif[39;00m [38;5;129;01mnot[39;00m ([38;5;241m200[39m [38;5;241m<[39m[38;5;241m=[39m code [38;5;241m<[39m [38;5;241m300[39m):
[0;32m--> 634[0m     response [38;5;241m=[39m [38;5;28mself[39m[38;5;241m.[39mparent[38;5;241m.[39merror(
[1;32m    635[0m         [38;5;124m'[39m[38;5;124mhttp[39m[38;5;124m'[39m, request, response, code, msg, hdrs)
[1;32m    637[0m [38;5;28;01mreturn[39;00m response

File [0;32m~/anaconda3/lib/python3.11/urllib/request.py:557[0m, in [0;36mOpenerDirector.error[0;34m(self, proto, *args)[0m
[1;32m    555[0m     http_err [38;5;241m=[39m [38;5;241m0[39m
[1;32m    556[0m args [38;5;241m=[39m ([38;5;28mdict[39m, proto, meth_name) [38;5;241m+[39m args
[0;32m--> 557[0m result [38;5;241m=[39m [38;5;28mself[39m[38;5;241m.[39m_call_chain([38;5;241m*[39margs)
[1;32m    558[0m [38;5;28;01mif[39;00m result:
[1;32m    559[0m     [38;5;28;01mreturn[39;00m result

File [0;32m~/anaconda3/lib/python3.11/urllib/request.py:496[0m, in [0;36mOpenerDirector._call_chain[0;34m(self, chain, kind, meth_name, *args)[0m
[1;32m    494[0m [38;5;28;01mfor[39;00m handler [38;5;129;01min[39;00m handlers:
[1;32m    495[0m     func [38;5;241m=[39m [38;5;28mgetattr[39m(handler, meth_name)
[0;32m--> 496[0m     result [38;5;241m=[39m func([38;5;241m*[39margs)
[1;32m    497[0m     [38;5;28;01mif[39;00m result [38;5;129;01mis[39;00m [38;5;129;01mnot[39;00m [38;5;28;01mNone[39;00m:
[1;32m    498[0m         [38;5;28;01mreturn[39;00m result

File [0;32m~/anaconda3/lib/python3.11/urllib/request.py:749[0m, in [0;36mHTTPRedirectHandler.http_error_302[0;34m(self, req, fp, code, msg, headers)[0m
[1;32m    746[0m fp[38;5;241m.[39mread()
[1;32m    747[0m fp[38;5;241m.[39mclose()
[0;32m--> 749[0m [38;5;28;01mreturn[39;00m [38;5;28mself[39m[38;5;241m.[39mparent[38;5;241m.[39mopen(new, timeout[38;5;241m=[39mreq[38;5;241m.[39mtimeout)

File [0;32m~/anaconda3/lib/python3.11/urllib/request.py:525[0m, in [0;36mOpenerDirector.open[0;34m(self, fullurl, data, timeout)[0m
[1;32m    523[0m [38;5;28;01mfor[39;00m processor [38;5;129;01min[39;00m [38;5;28mself[39m[38;5;241m.[39mprocess_response[38;5;241m.[39mget(protocol, []):
[1;32m    524[0m     meth [38;5;241m=[39m [38;5;28mgetattr[39m(processor, meth_name)
[0;32m--> 525[0m     response [38;5;241m=[39m meth(req, response)
[1;32m    527[0m [38;5;28;01mreturn[39;00m response

File [0;32m~/anaconda3/lib/python3.11/urllib/request.py:634[0m, in [0;36mHTTPErrorProcessor.http_response[0;34m(self, request, response)[0m
[1;32m    631[0m [38;5;66;03m# According to RFC 2616, "2xx" code indicates that the client's[39;00m
[1;32m    632[0m [38;5;66;03m# request was successfully received, understood, and accepted.[39;00m
[1;32m    633[0m [38;5;28;01mif[39;00m [38;5;129;01mnot[39;00m ([38;5;241m200[39m [38;5;241m<[39m[38;5;241m=[39m code [38;5;241m<[39m [38;5;241m300[39m):
[0;32m--> 634[0m     response [38;5;241m=[39m [38;5;28mself[39m[38;5;241m.[39mparent[38;5;241m.[39merror(
[1;32m    635[0m         [38;5;124m'[39m[38;5;124mhttp[39m[38;5;124m'[39m, request, response, code, msg, hdrs)
[1;32m    637[0m [38;5;28;01mreturn[39;00m response

File [0;32m~/anaconda3/lib/python3.11/urllib/request.py:563[0m, in [0;36mOpenerDirector.error[0;34m(self, proto, *args)[0m
[1;32m    561[0m [38;5;28;01mif[39;00m http_err:
[1;32m    562[0m     args [38;5;241m=[39m ([38;5;28mdict[39m, [38;5;124m'[39m[38;5;124mdefault[39m[38;5;124m'[39m, [38;5;124m'[39m[38;5;124mhttp_error_default[39m[38;5;124m'[39m) [38;5;241m+[39m orig_args
[0;32m--> 563[0m     [38;5;28;01mreturn[39;00m [38;5;28mself[39m[38;5;241m.[39m_call_chain([38;5;241m*[39margs)

File [0;32m~/anaconda3/lib/python3.11/urllib/request.py:496[0m, in [0;36mOpenerDirector._call_chain[0;34m(self, chain, kind, meth_name, *args)[0m
[1;32m    494[0m [38;5;28;01mfor[39;00m handler [38;5;129;01min[39;00m handlers:
[1;32m    495[0m     func [38;5;241m=[39m [38;5;28mgetattr[39m(handler, meth_name)
[0;32m--> 496[0m     result [38;5;241m=[39m func([38;5;241m*[39margs)
[1;32m    497[0m     [38;5;28;01mif[39;00m result [38;5;129;01mis[39;00m [38;5;129;01mnot[39;00m [38;5;28;01mNone[39;00m:
[1;32m    498[0m         [38;5;28;01mreturn[39;00m result

File [0;32m~/anaconda3/lib/python3.11/urllib/request.py:643[0m, in [0;36mHTTPDefaultErrorHandler.http_error_default[0;34m(self, req, fp, code, msg, hdrs)[0m
[1;32m    642[0m [38;5;28;01mdef[39;00m [38;5;21mhttp_error_default[39m([38;5;28mself[39m, req, fp, code, msg, hdrs):
[0;32m--> 643[0m     [38;5;28;01mraise[39;00m HTTPError(req[38;5;241m.[39mfull_url, code, msg, hdrs, fp)

[0;31mHTTPError[0m: HTTP Error 404: Not Found
HTTPError: HTTP Error 404: Not Found

